[2018-01-07 22:43:22,005 INFO root] Taurus CLI Tool v1.10.3
[2018-01-07 22:43:22,006 DEBUG root] Command-line options: {'verbose': None, 'no_system_configs': None, 'quiet': None, 'log': '/var/folders/cc/2n2rvyqj06jbjh73x2cnbf3h0000gp/T/bzt_Dh2dDA.log', 'option': None, 'aliases': []}
[2018-01-07 22:43:22,006 DEBUG root] Python: CPython 2.7.10
[2018-01-07 22:43:22,006 DEBUG root] OS: ('Darwin', 'Zoomdatas-MBP.fios-router.home', '17.2.0', 'Darwin Kernel Version 17.2.0: Fri Sep 29 18:27:05 PDT 2017; root:xnu-4570.20.62~3/RELEASE_X86_64', 'x86_64', 'i386')
[2018-01-07 22:43:22,006 INFO root] Starting with configs: ['UploadFileTest.jmx.yaml']
[2018-01-07 22:43:22,006 DEBUG root] Using personal config: /Users/jemal/.bzt-rc
[2018-01-07 22:43:22,006 INFO Engine] Configuring...
[2018-01-07 22:43:22,006 DEBUG Engine] No machine configs dir: /usr/local/Cellar/bzt/1.10.3/libexec/etc/bzt.d
[2018-01-07 22:43:22,007 DEBUG Engine.Configuration] Configs: ['/usr/local/Cellar/bzt/1.10.3/libexec/lib/python2.7/site-packages/bzt/resources/base-config.yml']
[2018-01-07 22:43:22,007 DEBUG Engine.Configuration] Reading /usr/local/Cellar/bzt/1.10.3/libexec/lib/python2.7/site-packages/bzt/resources/base-config.yml as YAML
[2018-01-07 22:43:22,031 DEBUG Engine.Configuration] Configs: ['/Users/jemal/.bzt-rc', 'UploadFileTest.jmx.yaml']
[2018-01-07 22:43:22,032 DEBUG Engine.Configuration] Reading /Users/jemal/.bzt-rc as YAML
[2018-01-07 22:43:22,036 DEBUG Engine.Configuration] Reading UploadFileTest.jmx.yaml as YAML
[2018-01-07 22:43:22,043 DEBUG Engine.Configuration] Configs: ['/Users/jemal/.bzt-rc', 'UploadFileTest.jmx.yaml']
[2018-01-07 22:43:22,043 DEBUG Engine.Configuration] Reading /Users/jemal/.bzt-rc as YAML
[2018-01-07 22:43:22,047 DEBUG Engine.Configuration] Reading UploadFileTest.jmx.yaml as YAML
[2018-01-07 22:43:22,053 DEBUG Engine.Configuration] Configs: ['/Users/jemal/jemal-performance-project/performance-taurus/config.yml']
[2018-01-07 22:43:22,053 DEBUG Engine.Configuration] Reading /Users/jemal/jemal-performance-project/performance-taurus/config.yml as YAML
[2018-01-07 22:43:22,064 DEBUG Engine] Requesting updates info: http://gettaurus.org/updates/?version=1.10.3&installID=macos-acbc32975129
[2018-01-07 22:43:22,068 INFO Engine] Artifacts dir: /Users/jemal/jemal-performance-project/performance-taurus/2018-01-07_22-43-22.064701
[2018-01-07 22:43:22,068 DEBUG Engine] New artifact filename: /Users/jemal/jemal-performance-project/performance-taurus/2018-01-07_22-43-22.064701/effective
[2018-01-07 22:43:22,070 DEBUG Engine.Configuration] Dumping YAML config into /Users/jemal/jemal-performance-project/performance-taurus/2018-01-07_22-43-22.064701/effective.yml
[2018-01-07 22:43:22,092 DEBUG Engine.Configuration] Dumping JSON config into /Users/jemal/jemal-performance-project/performance-taurus/2018-01-07_22-43-22.064701/effective.json
[2018-01-07 22:43:22,093 DEBUG Engine] New artifact filename: /Users/jemal/jemal-performance-project/performance-taurus/2018-01-07_22-43-22.064701/merged.yml
[2018-01-07 22:43:22,093 DEBUG Engine.Configuration] Dumping YAML config into /Users/jemal/jemal-performance-project/performance-taurus/2018-01-07_22-43-22.064701/merged.yml
[2018-01-07 22:43:22,098 DEBUG Engine] New artifact filename: /Users/jemal/jemal-performance-project/performance-taurus/2018-01-07_22-43-22.064701/merged.json
[2018-01-07 22:43:22,098 DEBUG Engine.Configuration] Dumping JSON config into /Users/jemal/jemal-performance-project/performance-taurus/2018-01-07_22-43-22.064701/merged.json
[2018-01-07 22:43:22,099 DEBUG Engine] Add existing artifact (move=False): UploadFileTest.jmx.yaml
[2018-01-07 22:43:22,099 DEBUG Engine] Copying UploadFileTest.jmx.yaml to /Users/jemal/jemal-performance-project/performance-taurus/2018-01-07_22-43-22.064701/UploadFileTest.jmx.yaml
[2018-01-07 22:43:22,099 DEBUG root] Closing log handler: /var/folders/cc/2n2rvyqj06jbjh73x2cnbf3h0000gp/T/bzt_Dh2dDA.log
[2018-01-07 22:43:22,100 DEBUG root] Switched writing logs to /Users/jemal/jemal-performance-project/performance-taurus/2018-01-07_22-43-22.064701/bzt.log
[2018-01-07 22:43:22,100 INFO Engine] Preparing...
[2018-01-07 22:43:22,100 DEBUG Engine] Module config: consolidator defaultdict(None, {'class': 'bzt.modules.aggregator.ConsolidatingAggregator'})
[2018-01-07 22:43:22,100 DEBUG root] Importing module: bzt.modules.aggregator
[2018-01-07 22:43:22,124 DEBUG root] Loading class: 'ConsolidatingAggregator' from <module 'bzt.modules.aggregator' from '/usr/local/Cellar/bzt/1.10.3/libexec/lib/python2.7/site-packages/bzt/modules/aggregator.pyc'>
[2018-01-07 22:43:22,124 DEBUG Engine.consolidator] Exception in dehumanize_time(inf)
[2018-01-07 22:43:22,124 DEBUG Engine.consolidator] Buffer scaling setup: percentile 95.0 from [0.0, 50.0, 90.0, 95.0, 99.0, 99.9, 100.0] selected
[2018-01-07 22:43:22,124 DEBUG Engine] Module config: monitoring defaultdict(None, {'class': 'bzt.modules.monitoring.Monitoring'})
[2018-01-07 22:43:22,124 DEBUG root] Importing module: bzt.modules.monitoring
[2018-01-07 22:43:22,126 DEBUG root] Loading class: 'Monitoring' from <module 'bzt.modules.monitoring' from '/usr/local/Cellar/bzt/1.10.3/libexec/lib/python2.7/site-packages/bzt/modules/monitoring.pyc'>
[2018-01-07 22:43:22,126 DEBUG Engine] Module config: local defaultdict(None, {'class': 'bzt.modules.provisioning.Local'})
[2018-01-07 22:43:22,126 DEBUG root] Importing module: bzt.modules.provisioning
[2018-01-07 22:43:22,126 DEBUG root] Loading class: 'Local' from <module 'bzt.modules.provisioning' from '/usr/local/Cellar/bzt/1.10.3/libexec/lib/python2.7/site-packages/bzt/modules/provisioning.pyc'>
[2018-01-07 22:43:22,126 DEBUG Engine] Module config: jmeter defaultdict(None, {'xml-jtl-flags': defaultdict(None, {'responseData': True}), 'properties': defaultdict(None, {'username': 'admin', 'jmeter.save.saveservice.autoflush': 'true', 'jmeter.save.saveservice.connect_time': 'true', 'sourceId': '5a4588ffe4b043bb5a947999', 'user-auth': 'admin:Z00mda1a!', 'summariser.name': '', 'jmeterengine.force.system.exit': 'true', 'password': '********', 'port': '8080', 'base-uri': 'http://localhost', 'accountId': '5a2ef7a2e4b043bb0659cddf'}), 'memory-xmx': '4G', 'class': 'bzt.modules.jmeter.JMeterExecutor', 'plugins': ['jpgc-casutg', 'jpgc-dummy', 'jpgc-ffw', 'jpgc-fifo', 'jpgc-functions', 'jpgc-json', 'jpgc-perfmon', 'jpgc-prmctl', 'jpgc-tst']})
[2018-01-07 22:43:22,126 DEBUG root] Importing module: bzt.modules.jmeter
[2018-01-07 22:43:22,136 DEBUG root] Loading class: 'JMeterExecutor' from <module 'bzt.modules.jmeter' from '/usr/local/Cellar/bzt/1.10.3/libexec/lib/python2.7/site-packages/bzt/modules/jmeter.pyc'>
[2018-01-07 22:43:22,137 DEBUG Engine.local] Preparing executor: jmeter/4514923408
[2018-01-07 22:43:22,137 DEBUG Engine] New artifact filename: /Users/jemal/jemal-performance-project/performance-taurus/2018-01-07_22-43-22.064701/jmeter.log
[2018-01-07 22:43:22,137 DEBUG Engine.jmeter] Checking if port 4445 is free
[2018-01-07 22:43:22,138 DEBUG Engine.jmeter] Port 4445 is free
[2018-01-07 22:43:22,138 DEBUG Engine.jmeter] Using port 4445 for management
[2018-01-07 22:43:22,138 DEBUG Engine.jmeter.JavaVM] Trying JavaVM: ['java', '-version']
[2018-01-07 22:43:22,245 DEBUG Engine.jmeter.JavaVM] JavaVM output: java version "1.8.0_121"
Java(TM) SE Runtime Environment (build 1.8.0_121-b13)
Java HotSpot(TM) 64-Bit Server VM (build 25.121-b13, mixed mode)

[2018-01-07 22:43:22,245 DEBUG Engine.jmeter.TclLibrary] We don't need to check tcl library on this platform
[2018-01-07 22:43:22,245 DEBUG Engine.jmeter.JMeter] Trying jmeter: /Users/jemal/.bzt/jmeter-taurus/3.3/bin/jmeter.sh
[2018-01-07 22:43:22,246 DEBUG bzt.utils] Executing shell: ['/Users/jemal/.bzt/jmeter-taurus/3.3/bin/jmeter.sh', '-j', '/var/folders/cc/2n2rvyqj06jbjh73x2cnbf3h0000gp/T/jmeterbM8A0Rlog', '--version'] at .
[2018-01-07 22:43:22,504 DEBUG Engine] Taurus updates info: {"latest":"1.10.3","needsUpgrade":false}
[2018-01-07 22:43:22,504 DEBUG Engine] Installation is up-to-date
[2018-01-07 22:43:23,182 DEBUG Engine.jmeter.JMeter] JMeter check:     _    ____   _    ____ _   _ _____       _ __  __ _____ _____ _____ ____     
   / \  |  _ \ / \  / ___| | | | ____|     | |  \/  | ____|_   _| ____|  _ \   
  / _ \ | |_) / _ \| |   | |_| |  _|    _  | | |\/| |  _|   | | |  _| | |_) | 
 / ___ \|  __/ ___ \ |___|  _  | |___  | |_| | |  | | |___  | | | |___|  _ <  
/_/   \_\_| /_/   \_\____|_| |_|_____|  \___/|_|  |_|_____| |_| |_____|_| \_\ 3.3 r1808647  

Copyright (c) 1999-2017 The Apache Software Foundation

 / None
[2018-01-07 22:43:23,182 DEBUG Engine] New artifact filename: /Users/jemal/jemal-performance-project/performance-taurus/2018-01-07_22-43-22.064701/requests.jmx
[2018-01-07 22:43:23,190 DEBUG JMeterScenarioBuilder] Saving JMX to: /Users/jemal/jemal-performance-project/performance-taurus/2018-01-07_22-43-22.064701/requests.jmx
[2018-01-07 22:43:23,192 DEBUG bzt.utils] Executing shell: ['/Users/jemal/.bzt/jmeter-taurus/3.3/bin/PluginsManagerCMD.sh', 'install-for-jmx', '/Users/jemal/jemal-performance-project/performance-taurus/2018-01-07_22-43-22.064701/requests.jmx'] at .
[2018-01-07 22:43:25,320 DEBUG Engine.jmeter.JMeter] Try to detect plugins for /Users/jemal/jemal-performance-project/performance-taurus/2018-01-07_22-43-22.064701/requests.jmx
22:43:24.454 [main] INFO  org.jmeterplugins.repository.PluginManager - Plugins Status: [jpgc-functions=2.0, jpgc-casutg=2.5, jpgc-dummy=0.2, jpgc-ffw=2.0, jpgc-fifo=0.2, jpgc-json=2.6, jpgc-prmctl=0.3, jpgc-perfmon=2.1, jpgc-plugins-manager=0.16, jpgc-tst=2.1, websocket-sampler=1.0.2-SNAPSHOT, jmeter-core=3.3, jmeter-ftp=3.3, jmeter-http=3.3, jmeter-jdbc=3.3, jmeter-jms=3.3, jmeter-junit=3.3, jmeter-java=3.3, jmeter-ldap=3.3, jmeter-mail=3.3, jmeter-mongodb=3.3, jmeter-native=3.3, jmeter-tcp=3.3, jmeter-components=3.3]
2018-01-07 22:43:24,454 INFO o.j.r.PluginManager: Plugins Status: [jpgc-functions=2.0, jpgc-casutg=2.5, jpgc-dummy=0.2, jpgc-ffw=2.0, jpgc-fifo=0.2, jpgc-json=2.6, jpgc-prmctl=0.3, jpgc-perfmon=2.1, jpgc-plugins-manager=0.16, jpgc-tst=2.1, websocket-sampler=1.0.2-SNAPSHOT, jmeter-core=3.3, jmeter-ftp=3.3, jmeter-http=3.3, jmeter-jdbc=3.3, jmeter-jms=3.3, jmeter-junit=3.3, jmeter-java=3.3, jmeter-ldap=3.3, jmeter-mail=3.3, jmeter-mongodb=3.3, jmeter-native=3.3, jmeter-tcp=3.3, jmeter-components=3.3]
22:43:24.788 [main] INFO  org.apache.jmeter.save.SaveService - Testplan (JMX) version: 2.2. Testlog (JTL) version: 2.2
2018-01-07 22:43:24,788 INFO o.a.j.s.SaveService: Testplan (JMX) version: 2.2. Testlog (JTL) version: 2.2
22:43:24.799 [main] INFO  org.apache.jmeter.save.SaveService - Using SaveService properties file encoding UTF-8
2018-01-07 22:43:24,799 INFO o.a.j.s.SaveService: Using SaveService properties file encoding UTF-8
22:43:24.803 [main] INFO  org.apache.jmeter.save.SaveService - Using SaveService properties version 3.2
2018-01-07 22:43:24,803 INFO o.a.j.s.SaveService: Using SaveService properties version 3.2
22:43:24.908 [main] INFO  org.jmeterplugins.repository.PluginManager - Restarting JMeter...
2018-01-07 22:43:24,908 INFO o.j.r.PluginManager: Restarting JMeter...
22:43:24.909 [Thread-1] INFO  org.jmeterplugins.repository.PluginManager - Starting JMeter Plugins modifications
2018-01-07 22:43:24,909 INFO o.j.r.PluginManager: Starting JMeter Plugins modifications

ERROR StatusLogger No log4j2 configuration file found. Using default configuration: logging only errors to the console. Set system property 'org.apache.logging.log4j.simplelog.StatusLogger.level' to TRACE to show Log4j2 internal initialization logging.

[2018-01-07 22:43:25,320 DEBUG Engine.jmeter] Load: LoadSpec(concurrency=10, throughput=None, ramp_up=50.0, hold=60.0, iterations=0, duration=110.0, steps=None)
[2018-01-07 22:43:25,324 DEBUG Engine.jmeter.LoadSettingsProcessor.ThreadGroupHandler] Converting ThreadGroup (File Upload using REST API) to ConcurrencyThreadGroup and apply load parameters
[2018-01-07 22:43:25,325 DEBUG Engine] New artifact filename: /Users/jemal/jemal-performance-project/performance-taurus/2018-01-07_22-43-22.064701/kpi.jtl
[2018-01-07 22:43:25,325 DEBUG Engine] New artifact filename: /Users/jemal/jemal-performance-project/performance-taurus/2018-01-07_22-43-22.064701/error.jtl
[2018-01-07 22:43:25,326 DEBUG Engine] New artifact filename: /Users/jemal/jemal-performance-project/performance-taurus/2018-01-07_22-43-22.064701/modified_requests.jmx
[2018-01-07 22:43:25,326 DEBUG JMX] Saving JMX to: /Users/jemal/jemal-performance-project/performance-taurus/2018-01-07_22-43-22.064701/modified_requests.jmx
[2018-01-07 22:43:25,326 DEBUG Engine.jmeter] Additional properties: defaultdict(None, {'username': 'admin', 'jmeter.save.saveservice.autoflush': 'true', 'jmeter.save.saveservice.connect_time': 'true', 'sourceId': '5a4588ffe4b043bb5a947999', 'user-auth': 'admin:Z00mda1a!', 'sampleresult.default.encoding': 'UTF-8', 'summariser.name': '', 'jmeterengine.force.system.exit': 'true', 'user.classpath': '/Users/jemal/jemal-performance-project/performance-taurus/2018-01-07_22-43-22.064701:/Users/jemal/jemal-performance-project/performance-taurus/2018-01-07_22-43-22.064701', 'jmeter.save.saveservice.timestamp_format': 'ms', 'jmeterengine.nongui.maxport': 4445, 'password': 'Z00mda1a!', 'jmeterengine.nongui.port': 4445, 'port': '8080', 'base-uri': 'http://localhost', 'accountId': '5a2ef7a2e4b043bb0659cddf'})
[2018-01-07 22:43:25,326 DEBUG Engine] New artifact filename: /Users/jemal/jemal-performance-project/performance-taurus/2018-01-07_22-43-22.064701/jmeter-bzt.properties
[2018-01-07 22:43:25,327 DEBUG Engine.jmeter] Setting JVM heap size to 4G
[2018-01-07 22:43:25,327 DEBUG Engine] New artifact filename: /Users/jemal/jemal-performance-project/performance-taurus/2018-01-07_22-43-22.064701/jmeter.out
[2018-01-07 22:43:25,327 DEBUG Engine] New artifact filename: /Users/jemal/jemal-performance-project/performance-taurus/2018-01-07_22-43-22.064701/jmeter.err
[2018-01-07 22:43:25,327 DEBUG Engine] Module config: final-stats defaultdict(None, {'class': 'bzt.modules.reporting.FinalStatus'})
[2018-01-07 22:43:25,327 DEBUG root] Importing module: bzt.modules.reporting
[2018-01-07 22:43:25,391 DEBUG easyprocess] version=0.2.3
[2018-01-07 22:43:25,392 DEBUG pyvirtualdisplay] version=0.2.1
[2018-01-07 22:43:25,393 DEBUG root] Loading class: 'FinalStatus' from <module 'bzt.modules.reporting' from '/usr/local/Cellar/bzt/1.10.3/libexec/lib/python2.7/site-packages/bzt/modules/reporting.pyc'>
[2018-01-07 22:43:25,393 DEBUG Engine] Module config: console defaultdict(None, {'class': 'bzt.modules.console.ConsoleStatusReporter'})
[2018-01-07 22:43:25,393 DEBUG root] Importing module: bzt.modules.console
[2018-01-07 22:43:25,393 DEBUG root] Loading class: 'ConsoleStatusReporter' from <module 'bzt.modules.console' from '/usr/local/Cellar/bzt/1.10.3/libexec/lib/python2.7/site-packages/bzt/modules/console.pyc'>
[2018-01-07 22:43:25,400 DEBUG Engine.Configuration] Dumping YAML config into /Users/jemal/jemal-performance-project/performance-taurus/2018-01-07_22-43-22.064701/effective.yml
[2018-01-07 22:43:25,425 DEBUG Engine.Configuration] Dumping JSON config into /Users/jemal/jemal-performance-project/performance-taurus/2018-01-07_22-43-22.064701/effective.json
[2018-01-07 22:43:25,426 INFO Engine] Starting...
[2018-01-07 22:43:25,426 DEBUG Engine] Startup <bzt.modules.monitoring.Monitoring object at 0x10d09eb10>
[2018-01-07 22:43:25,426 DEBUG Engine] Startup <bzt.modules.aggregator.ConsolidatingAggregator object at 0x10d055d90>
[2018-01-07 22:43:25,426 DEBUG Engine] Startup <bzt.modules.reporting.FinalStatus object at 0x10e253310>
[2018-01-07 22:43:25,426 DEBUG Engine] Startup <bzt.modules.console.ConsoleStatusReporter object at 0x10e5e7b50>
[2018-01-07 22:43:25,427 INFO Engine.console] Waiting for results...
[2018-01-07 22:43:25,427 DEBUG Engine] Startup <bzt.modules.reporting.FinalStatus object at 0x10e5e7c90>
[2018-01-07 22:43:25,427 DEBUG Engine] Startup <bzt.modules.provisioning.Local object at 0x10d055ed0>
[2018-01-07 22:43:25,427 DEBUG Engine.local] Delay setup for jmeter/File Upload using REST API: 0(start-at) + 0(delay) = 0
[2018-01-07 22:43:25,428 DEBUG Engine.Configuration] Dumping YAML config into /Users/jemal/jemal-performance-project/performance-taurus/2018-01-07_22-43-22.064701/effective.yml
[2018-01-07 22:43:25,458 DEBUG Engine.Configuration] Dumping JSON config into /Users/jemal/jemal-performance-project/performance-taurus/2018-01-07_22-43-22.064701/effective.json
[2018-01-07 22:43:25,459 DEBUG root] Leveling down log file verbosity, use -v option to have DEBUG messages enabled
[2018-01-07 22:43:25,459 DEBUG root] Leveled up log file verbosity
[2018-01-07 22:43:25,459 DEBUG Engine.jmeter] Executing shell from /Users/jemal/jemal-performance-project/performance-taurus: ['/Users/jemal/.bzt/jmeter-taurus/3.3/bin/jmeter.sh', '-n', '-t', '/Users/jemal/jemal-performance-project/performance-taurus/2018-01-07_22-43-22.064701/modified_requests.jmx', '-j', '/Users/jemal/jemal-performance-project/performance-taurus/2018-01-07_22-43-22.064701/jmeter.log', '-q', '/Users/jemal/jemal-performance-project/performance-taurus/2018-01-07_22-43-22.064701/jmeter-bzt.properties']
[2018-01-07 22:43:25,460 DEBUG bzt.utils] Executing shell: ['/Users/jemal/.bzt/jmeter-taurus/3.3/bin/jmeter.sh', '-n', '-t', '/Users/jemal/jemal-performance-project/performance-taurus/2018-01-07_22-43-22.064701/modified_requests.jmx', '-j', '/Users/jemal/jemal-performance-project/performance-taurus/2018-01-07_22-43-22.064701/jmeter.log', '-q', '/Users/jemal/jemal-performance-project/performance-taurus/2018-01-07_22-43-22.064701/jmeter-bzt.properties'] at /Users/jemal/jemal-performance-project/performance-taurus
[2018-01-07 22:43:25,464 DEBUG root] Leveling down log file verbosity, use -v option to have DEBUG messages enabled
[2018-01-07 22:43:25,669 INFO Engine.console] Waiting for finish...
[2018-01-07 22:44:23,557 INFO Engine.jmeter.JTLReader] Changed data analysis delay to 3s
[2018-01-07 22:45:18,723 WARNING Engine] Please wait for graceful shutdown...
[2018-01-07 22:45:18,730 DEBUG root] Leveled up log file verbosity
[2018-01-07 22:45:18,730 INFO Engine] Shutting down...
[2018-01-07 22:45:18,737 DEBUG Engine.local] Shutdown jmeter/File Upload using REST API
[2018-01-07 22:45:18,737 DEBUG Engine.console] Restoring logging streams, [<logging.StreamHandler object at 0x10c960d10>]/{<logging.StreamHandler object at 0x10c960d10>: <open file '<stdout>', mode 'w' at 0x10bc37150>}
[2018-01-07 22:45:18,740 DEBUG Engine.Configuration] Dumping YAML config into /Users/jemal/jemal-performance-project/performance-taurus/2018-01-07_22-43-22.064701/effective.yml
[2018-01-07 22:45:18,772 DEBUG Engine.Configuration] Dumping JSON config into /Users/jemal/jemal-performance-project/performance-taurus/2018-01-07_22-43-22.064701/effective.json
[2018-01-07 22:45:18,773 INFO Engine] Post-processing...
[2018-01-07 22:45:18,773 DEBUG Engine.local] Post-process jmeter/File Upload using REST API
[2018-01-07 22:45:18,773 DEBUG Engine] Add existing artifact (move=True): /Users/jemal/jemal-performance-project/performance-taurus/2018-01-07_22-43-22.064701/modified_requests.jmx
[2018-01-07 22:45:18,773 DEBUG Engine] No need to copy /Users/jemal/jemal-performance-project/performance-taurus/2018-01-07_22-43-22.064701/modified_requests.jmx
[2018-01-07 22:45:18,773 DEBUG Engine.jmeter.JTLReader.IncrementalCSVReader] Reading JTL: /Users/jemal/jemal-performance-project/performance-taurus/2018-01-07_22-43-22.064701/kpi.jtl
[2018-01-07 22:45:18,774 DEBUG Engine.jmeter.JTLReader.IncrementalCSVReader] Read lines: 0 / 0 bytes (at speed 1048576)
[2018-01-07 22:45:18,774 DEBUG Engine.jmeter.JTLReader] Buffer len: 3
[2018-01-07 22:45:18,774 DEBUG Engine.jmeter.JTLReader] Aggregating: 1515383115
[2018-01-07 22:45:18,778 DEBUG Engine.jmeter.JTLReader] Aggregating: 1515383116
[2018-01-07 22:45:18,782 DEBUG Engine.jmeter.JTLReader] Aggregating: 1515383117
[2018-01-07 22:45:18,791 DEBUG Engine.consolidator] Consolidator buffer[5]: [1515383113, 1515383114, 1515383115, 1515383116, 1515383117]
[2018-01-07 22:45:18,791 DEBUG Engine.consolidator] Merging into 1515383113
[2018-01-07 22:45:18,791 DEBUG Engine.consolidator] Merging 1515383113
[2018-01-07 22:45:18,800 DEBUG Engine.consolidator] Processed datapoint: 1515383113/None
[2018-01-07 22:45:18,800 DEBUG Engine.consolidator] Merging into 1515383114
[2018-01-07 22:45:18,800 DEBUG Engine.consolidator] Merging 1515383114
[2018-01-07 22:45:18,809 DEBUG Engine.consolidator] Processed datapoint: 1515383114/None
[2018-01-07 22:45:18,809 DEBUG Engine.consolidator] Merging into 1515383115
[2018-01-07 22:45:18,809 DEBUG Engine.consolidator] Merging 1515383115
[2018-01-07 22:45:18,818 DEBUG Engine.consolidator] Processed datapoint: 1515383115/None
[2018-01-07 22:45:18,818 DEBUG Engine.consolidator] Merging into 1515383116
[2018-01-07 22:45:18,818 DEBUG Engine.consolidator] Merging 1515383116
[2018-01-07 22:45:18,828 DEBUG Engine.consolidator] Processed datapoint: 1515383116/None
[2018-01-07 22:45:18,828 DEBUG Engine.consolidator] Merging into 1515383117
[2018-01-07 22:45:18,828 DEBUG Engine.consolidator] Merging 1515383117
[2018-01-07 22:45:18,839 DEBUG Engine.consolidator] Processed datapoint: 1515383117/None
[2018-01-07 22:45:18,840 INFO Engine.final-stats] Test duration: 0:01:53
[2018-01-07 22:45:18,840 INFO Engine.final-stats] Samples count: 871, 0.00% failures
[2018-01-07 22:45:18,840 INFO Engine.final-stats] Average times: total 0.988, latency 0.982, connect 0.000
[2018-01-07 22:45:18,840 INFO Engine.final-stats] Percentile 0.0%: 0.319
[2018-01-07 22:45:18,840 INFO Engine.final-stats] Percentile 50.0%: 1.078
[2018-01-07 22:45:18,840 INFO Engine.final-stats] Percentile 90.0%: 1.390
[2018-01-07 22:45:18,840 INFO Engine.final-stats] Percentile 95.0%: 1.501
[2018-01-07 22:45:18,840 INFO Engine.final-stats] Percentile 99.0%: 1.671
[2018-01-07 22:45:18,840 INFO Engine.final-stats] Percentile 99.9%: 1.843
[2018-01-07 22:45:18,840 INFO Engine.final-stats] Percentile 100.0%: 1.843
[2018-01-07 22:45:18,841 DEBUG Engine.console] No logger_handler or orig_stream was detected
[2018-01-07 22:45:18,841 INFO Engine.final-stats] Test duration: 0:01:53
[2018-01-07 22:45:18,841 INFO Engine.final-stats] Samples count: 871, 0.00% failures
[2018-01-07 22:45:18,841 INFO Engine.final-stats] Average times: total 0.988, latency 0.982, connect 0.000
[2018-01-07 22:45:18,841 INFO Engine.final-stats] Percentile 0.0%: 0.319
[2018-01-07 22:45:18,841 INFO Engine.final-stats] Percentile 50.0%: 1.078
[2018-01-07 22:45:18,841 INFO Engine.final-stats] Percentile 90.0%: 1.390
[2018-01-07 22:45:18,841 INFO Engine.final-stats] Percentile 95.0%: 1.501
[2018-01-07 22:45:18,841 INFO Engine.final-stats] Percentile 99.0%: 1.671
[2018-01-07 22:45:18,841 INFO Engine.final-stats] Percentile 99.9%: 1.843
[2018-01-07 22:45:18,842 INFO Engine.final-stats] Percentile 100.0%: 1.843
[2018-01-07 22:45:18,843 DEBUG Engine.Configuration] Dumping YAML config into /Users/jemal/jemal-performance-project/performance-taurus/2018-01-07_22-43-22.064701/effective.yml
[2018-01-07 22:45:18,873 DEBUG Engine.Configuration] Dumping JSON config into /Users/jemal/jemal-performance-project/performance-taurus/2018-01-07_22-43-22.064701/effective.json
[2018-01-07 22:45:18,874 INFO root] Artifacts dir: /Users/jemal/jemal-performance-project/performance-taurus/2018-01-07_22-43-22.064701
[2018-01-07 22:45:18,875 INFO root] Done performing with code: 0
[2018-01-07 22:45:18,875 DEBUG root] Closing log handler: /Users/jemal/jemal-performance-project/performance-taurus/2018-01-07_22-43-22.064701/bzt.log
