2018-01-07 22:43:26,174 INFO o.a.j.u.JMeterUtils: Setting Locale to en_US
2018-01-07 22:43:26,184 INFO o.a.j.JMeter: Loading user properties from: /Users/jemal/.bzt/jmeter-taurus/3.3/bin/user.properties
2018-01-07 22:43:26,185 INFO o.a.j.JMeter: Loading system properties from: /Users/jemal/.bzt/jmeter-taurus/3.3/bin/system.properties
2018-01-07 22:43:26,188 INFO o.a.j.JMeter: Copyright (c) 1998-2017 The Apache Software Foundation
2018-01-07 22:43:26,189 INFO o.a.j.JMeter: Version 3.3 r1808647
2018-01-07 22:43:26,189 INFO o.a.j.JMeter: java.version=1.8.0_121
2018-01-07 22:43:26,189 INFO o.a.j.JMeter: java.vm.name=Java HotSpot(TM) 64-Bit Server VM
2018-01-07 22:43:26,189 INFO o.a.j.JMeter: os.name=Mac OS X
2018-01-07 22:43:26,189 INFO o.a.j.JMeter: os.arch=x86_64
2018-01-07 22:43:26,189 INFO o.a.j.JMeter: os.version=10.13.1
2018-01-07 22:43:26,189 INFO o.a.j.JMeter: file.encoding=UTF-8
2018-01-07 22:43:26,189 INFO o.a.j.JMeter: Max memory     =3817865216
2018-01-07 22:43:26,189 INFO o.a.j.JMeter: Available Processors =8
2018-01-07 22:43:26,192 INFO o.a.j.JMeter: Default Locale=English (United States)
2018-01-07 22:43:26,192 INFO o.a.j.JMeter: JMeter  Locale=English (United States)
2018-01-07 22:43:26,192 INFO o.a.j.JMeter: JMeterHome=/Users/jemal/.bzt/jmeter-taurus/3.3
2018-01-07 22:43:26,192 INFO o.a.j.JMeter: user.dir  =/Users/jemal/jemal-performance-project/performance-taurus
2018-01-07 22:43:26,193 INFO o.a.j.JMeter: PWD       =/Users/jemal/jemal-performance-project/performance-taurus
2018-01-07 22:43:26,194 INFO o.a.j.JMeter: IP: 192.168.1.151 Name: Zoomdatas-MBP.fios-router.home FullName: zoomdatas-mbp.fios-router.home
2018-01-07 22:43:26,194 INFO o.a.j.JMeter: user.classpath=/Users/jemal/jemal-performance-project/performance-taurus/2018-01-07_22-43-22.064701:/Users/jemal/jemal-performance-project/performance-taurus/2018-01-07_22-43-22.064701
2018-01-07 22:43:26,194 INFO o.a.j.JMeter: Adding to classpath and loader: /Users/jemal/jemal-performance-project/performance-taurus/2018-01-07_22-43-22.064701
2018-01-07 22:43:26,195 INFO o.a.j.JMeter: Adding to classpath and loader: /Users/jemal/jemal-performance-project/performance-taurus/2018-01-07_22-43-22.064701
2018-01-07 22:43:26,197 INFO o.a.j.s.FileServer: Default base='/Users/jemal/jemal-performance-project/performance-taurus'
2018-01-07 22:43:26,198 INFO o.a.j.s.FileServer: Set new base='/Users/jemal/jemal-performance-project/performance-taurus/2018-01-07_22-43-22.064701'
2018-01-07 22:43:26,315 INFO o.a.j.s.SaveService: Testplan (JMX) version: 2.2. Testlog (JTL) version: 2.2
2018-01-07 22:43:26,330 INFO o.a.j.s.SaveService: Using SaveService properties file encoding UTF-8
2018-01-07 22:43:26,333 INFO o.a.j.s.SaveService: Using SaveService properties version 3.2
2018-01-07 22:43:26,338 INFO o.a.j.s.SaveService: Loading file: /Users/jemal/jemal-performance-project/performance-taurus/2018-01-07_22-43-22.064701/modified_requests.jmx
2018-01-07 22:43:26,395 INFO o.a.j.p.h.s.HTTPSamplerBase: Parser for text/html is org.apache.jmeter.protocol.http.parser.LagartoBasedHtmlParser
2018-01-07 22:43:26,396 INFO o.a.j.p.h.s.HTTPSamplerBase: Parser for application/xhtml+xml is org.apache.jmeter.protocol.http.parser.LagartoBasedHtmlParser
2018-01-07 22:43:26,396 INFO o.a.j.p.h.s.HTTPSamplerBase: Parser for application/xml is org.apache.jmeter.protocol.http.parser.LagartoBasedHtmlParser
2018-01-07 22:43:26,396 INFO o.a.j.p.h.s.HTTPSamplerBase: Parser for text/xml is org.apache.jmeter.protocol.http.parser.LagartoBasedHtmlParser
2018-01-07 22:43:26,396 INFO o.a.j.p.h.s.HTTPSamplerBase: Parser for text/vnd.wap.wml is org.apache.jmeter.protocol.http.parser.RegexpHTMLParser
2018-01-07 22:43:26,396 INFO o.a.j.p.h.s.HTTPSamplerBase: Parser for text/css is org.apache.jmeter.protocol.http.parser.CssParser
2018-01-07 22:43:26,418 INFO o.a.j.e.StandardJMeterEngine: Running the test!
2018-01-07 22:43:26,418 INFO o.a.j.s.SampleEvent: List of sample_variables: []
2018-01-07 22:43:26,418 INFO o.a.j.s.SampleEvent: List of sample_variables: []
2018-01-07 22:43:26,421 INFO o.a.j.e.u.CompoundVariable: Note: Function class names must contain the string: '.functions.'
2018-01-07 22:43:26,422 INFO o.a.j.e.u.CompoundVariable: Note: Function class names must not contain the string: '.gui.'
2018-01-07 22:43:26,737 INFO o.a.j.JMeter: Running test (1515383006737)
2018-01-07 22:43:26,776 INFO o.a.j.e.StandardJMeterEngine: Starting ThreadGroup: 1 : File Upload using REST API
2018-01-07 22:43:26,776 INFO o.a.j.e.StandardJMeterEngine: Starting 10 threads for group File Upload using REST API.
2018-01-07 22:43:26,776 INFO o.a.j.e.StandardJMeterEngine: Thread will continue on error
2018-01-07 22:43:26,779 INFO o.a.j.e.StandardJMeterEngine: All thread groups have been started
2018-01-07 22:43:26,779 INFO c.b.j.t.c.ConcurrencyThreadStarter: Start supplying threads
2018-01-07 22:43:29,283 INFO o.a.j.s.SampleResult: Note: Sample TimeStamps are START times
2018-01-07 22:43:29,283 INFO o.a.j.t.JMeterThread: Thread started: File Upload using REST API 1-1
2018-01-07 22:43:29,283 INFO o.a.j.s.SampleResult: sampleresult.default.encoding is set to UTF-8
2018-01-07 22:43:29,283 INFO o.a.j.s.SampleResult: sampleresult.useNanoTime=true
2018-01-07 22:43:29,283 INFO o.a.j.s.SampleResult: sampleresult.nanoThreadSleep=5000
2018-01-07 22:43:29,306 INFO o.a.j.p.h.s.HTTPHCAbstractImpl: Local host = Zoomdatas-MBP.fios-router.home
2018-01-07 22:43:29,310 INFO o.a.j.p.h.s.HTTPHC4Impl: HTTP request retry count = 0
2018-01-07 22:43:29,338 INFO o.a.j.s.FileServer: Stored: /Users/jemal/jemal-performance-project/performance-taurus/MiscTest.csv
2018-01-07 22:43:34,299 INFO o.a.j.t.JMeterThread: Thread started: File Upload using REST API 1-2
2018-01-07 22:43:39,309 INFO o.a.j.t.JMeterThread: Thread started: File Upload using REST API 1-3
2018-01-07 22:43:44,323 INFO o.a.j.t.JMeterThread: Thread started: File Upload using REST API 1-4
2018-01-07 22:43:49,333 INFO o.a.j.t.JMeterThread: Thread started: File Upload using REST API 1-5
2018-01-07 22:43:54,339 INFO o.a.j.t.JMeterThread: Thread started: File Upload using REST API 1-6
2018-01-07 22:43:59,352 INFO o.a.j.t.JMeterThread: Thread started: File Upload using REST API 1-7
2018-01-07 22:44:04,364 INFO o.a.j.t.JMeterThread: Thread started: File Upload using REST API 1-8
2018-01-07 22:44:09,379 INFO o.a.j.t.JMeterThread: Thread started: File Upload using REST API 1-9
2018-01-07 22:44:14,387 INFO o.a.j.t.JMeterThread: Thread started: File Upload using REST API 1-10
2018-01-07 22:45:17,526 INFO c.b.j.t.c.ConcurrencyThreadStarter: Done supplying threads
2018-01-07 22:45:17,637 INFO o.a.j.t.JMeterThread: Thread is done: File Upload using REST API 1-5
2018-01-07 22:45:17,637 INFO o.a.j.t.JMeterThread: Thread finished: File Upload using REST API 1-5
2018-01-07 22:45:17,715 INFO o.a.j.t.JMeterThread: Thread is done: File Upload using REST API 1-7
2018-01-07 22:45:17,715 INFO o.a.j.t.JMeterThread: Thread finished: File Upload using REST API 1-7
2018-01-07 22:45:17,727 INFO o.a.j.t.JMeterThread: Thread is done: File Upload using REST API 1-8
2018-01-07 22:45:17,727 INFO o.a.j.t.JMeterThread: Thread finished: File Upload using REST API 1-8
2018-01-07 22:45:17,838 INFO o.a.j.t.JMeterThread: Thread is done: File Upload using REST API 1-2
2018-01-07 22:45:17,838 INFO o.a.j.t.JMeterThread: Thread finished: File Upload using REST API 1-2
2018-01-07 22:45:18,015 INFO o.a.j.t.JMeterThread: Thread is done: File Upload using REST API 1-6
2018-01-07 22:45:18,015 INFO o.a.j.t.JMeterThread: Thread finished: File Upload using REST API 1-6
2018-01-07 22:45:18,146 INFO o.a.j.t.JMeterThread: Thread is done: File Upload using REST API 1-3
2018-01-07 22:45:18,146 INFO o.a.j.t.JMeterThread: Thread finished: File Upload using REST API 1-3
2018-01-07 22:45:18,180 INFO o.a.j.t.JMeterThread: Thread is done: File Upload using REST API 1-9
2018-01-07 22:45:18,180 INFO o.a.j.t.JMeterThread: Thread finished: File Upload using REST API 1-9
2018-01-07 22:45:18,189 INFO o.a.j.t.JMeterThread: Thread is done: File Upload using REST API 1-4
2018-01-07 22:45:18,189 INFO o.a.j.t.JMeterThread: Thread finished: File Upload using REST API 1-4
2018-01-07 22:45:18,204 INFO o.a.j.t.JMeterThread: Thread is done: File Upload using REST API 1-1
2018-01-07 22:45:18,204 INFO o.a.j.t.JMeterThread: Thread finished: File Upload using REST API 1-1
2018-01-07 22:45:18,230 INFO o.a.j.t.JMeterThread: Thread is done: File Upload using REST API 1-10
2018-01-07 22:45:18,230 INFO o.a.j.t.JMeterThread: Thread finished: File Upload using REST API 1-10
2018-01-07 22:45:18,230 INFO o.a.j.e.StandardJMeterEngine: Notifying test listeners of end of test
2018-01-07 22:45:18,231 INFO o.a.j.e.StandardJMeterEngine: Forced JVM shutdown requested at end of test
