2018-01-08 18:08:03,797 INFO o.a.j.u.JMeterUtils: Setting Locale to en_US
2018-01-08 18:08:03,806 INFO o.a.j.JMeter: Loading user properties from: /Users/jemal/.bzt/jmeter-taurus/3.3/bin/user.properties
2018-01-08 18:08:03,807 INFO o.a.j.JMeter: Loading system properties from: /Users/jemal/.bzt/jmeter-taurus/3.3/bin/system.properties
2018-01-08 18:08:03,811 INFO o.a.j.JMeter: Copyright (c) 1998-2017 The Apache Software Foundation
2018-01-08 18:08:03,811 INFO o.a.j.JMeter: Version 3.3 r1808647
2018-01-08 18:08:03,811 INFO o.a.j.JMeter: java.version=1.8.0_121
2018-01-08 18:08:03,811 INFO o.a.j.JMeter: java.vm.name=Java HotSpot(TM) 64-Bit Server VM
2018-01-08 18:08:03,811 INFO o.a.j.JMeter: os.name=Mac OS X
2018-01-08 18:08:03,811 INFO o.a.j.JMeter: os.arch=x86_64
2018-01-08 18:08:03,811 INFO o.a.j.JMeter: os.version=10.13.1
2018-01-08 18:08:03,811 INFO o.a.j.JMeter: file.encoding=UTF-8
2018-01-08 18:08:03,811 INFO o.a.j.JMeter: Max memory     =3817865216
2018-01-08 18:08:03,811 INFO o.a.j.JMeter: Available Processors =8
2018-01-08 18:08:03,814 INFO o.a.j.JMeter: Default Locale=English (United States)
2018-01-08 18:08:03,814 INFO o.a.j.JMeter: JMeter  Locale=English (United States)
2018-01-08 18:08:03,814 INFO o.a.j.JMeter: JMeterHome=/Users/jemal/.bzt/jmeter-taurus/3.3
2018-01-08 18:08:03,815 INFO o.a.j.JMeter: user.dir  =/Users/jemal/jemal-performance-project/performance-taurus
2018-01-08 18:08:03,815 INFO o.a.j.JMeter: PWD       =/Users/jemal/jemal-performance-project/performance-taurus
2018-01-08 18:08:08,820 INFO o.a.j.JMeter: IP: 127.0.0.1 Name: Zoomdatas-MacBook-Pro.local FullName: localhost
2018-01-08 18:08:08,820 INFO o.a.j.JMeter: user.classpath=/Users/jemal/jemal-performance-project/performance-taurus/2018-01-08_18-07-23.544595:/Users/jemal/jemal-performance-project/performance-taurus/2018-01-08_18-07-23.544595
2018-01-08 18:08:08,820 INFO o.a.j.JMeter: Adding to classpath and loader: /Users/jemal/jemal-performance-project/performance-taurus/2018-01-08_18-07-23.544595
2018-01-08 18:08:08,821 INFO o.a.j.JMeter: Adding to classpath and loader: /Users/jemal/jemal-performance-project/performance-taurus/2018-01-08_18-07-23.544595
2018-01-08 18:08:08,824 INFO o.a.j.s.FileServer: Default base='/Users/jemal/jemal-performance-project/performance-taurus'
2018-01-08 18:08:08,825 INFO o.a.j.s.FileServer: Set new base='/Users/jemal/jemal-performance-project/performance-taurus/2018-01-08_18-07-23.544595'
2018-01-08 18:08:08,931 INFO o.a.j.s.SaveService: Testplan (JMX) version: 2.2. Testlog (JTL) version: 2.2
2018-01-08 18:08:08,945 INFO o.a.j.s.SaveService: Using SaveService properties file encoding UTF-8
2018-01-08 18:08:08,948 INFO o.a.j.s.SaveService: Using SaveService properties version 3.2
2018-01-08 18:08:08,953 INFO o.a.j.s.SaveService: Loading file: /Users/jemal/jemal-performance-project/performance-taurus/2018-01-08_18-07-23.544595/modified_requests.jmx
2018-01-08 18:08:09,009 INFO o.a.j.p.h.s.HTTPSamplerBase: Parser for text/html is org.apache.jmeter.protocol.http.parser.LagartoBasedHtmlParser
2018-01-08 18:08:09,010 INFO o.a.j.p.h.s.HTTPSamplerBase: Parser for application/xhtml+xml is org.apache.jmeter.protocol.http.parser.LagartoBasedHtmlParser
2018-01-08 18:08:09,010 INFO o.a.j.p.h.s.HTTPSamplerBase: Parser for application/xml is org.apache.jmeter.protocol.http.parser.LagartoBasedHtmlParser
2018-01-08 18:08:09,010 INFO o.a.j.p.h.s.HTTPSamplerBase: Parser for text/xml is org.apache.jmeter.protocol.http.parser.LagartoBasedHtmlParser
2018-01-08 18:08:09,010 INFO o.a.j.p.h.s.HTTPSamplerBase: Parser for text/vnd.wap.wml is org.apache.jmeter.protocol.http.parser.RegexpHTMLParser
2018-01-08 18:08:09,010 INFO o.a.j.p.h.s.HTTPSamplerBase: Parser for text/css is org.apache.jmeter.protocol.http.parser.CssParser
2018-01-08 18:08:09,030 INFO o.a.j.e.StandardJMeterEngine: Running the test!
2018-01-08 18:08:09,031 INFO o.a.j.s.SampleEvent: List of sample_variables: []
2018-01-08 18:08:09,031 INFO o.a.j.s.SampleEvent: List of sample_variables: []
2018-01-08 18:08:09,035 INFO o.a.j.e.u.CompoundVariable: Note: Function class names must contain the string: '.functions.'
2018-01-08 18:08:09,035 INFO o.a.j.e.u.CompoundVariable: Note: Function class names must not contain the string: '.gui.'
2018-01-08 18:08:09,341 INFO o.a.j.JMeter: Running test (1515452889341)
2018-01-08 18:08:09,384 INFO o.a.j.e.StandardJMeterEngine: Starting ThreadGroup: 1 : File Upload using REST API
2018-01-08 18:08:09,385 INFO o.a.j.e.StandardJMeterEngine: Starting 10 threads for group File Upload using REST API.
2018-01-08 18:08:09,385 INFO o.a.j.e.StandardJMeterEngine: Thread will continue on error
2018-01-08 18:08:09,389 INFO o.a.j.e.StandardJMeterEngine: All thread groups have been started
2018-01-08 18:08:09,390 INFO c.b.j.t.c.ConcurrencyThreadStarter: Start supplying threads
2018-01-08 18:08:11,894 INFO o.a.j.s.SampleResult: Note: Sample TimeStamps are START times
2018-01-08 18:08:11,895 INFO o.a.j.s.SampleResult: sampleresult.default.encoding is set to UTF-8
2018-01-08 18:08:11,895 INFO o.a.j.s.SampleResult: sampleresult.useNanoTime=true
2018-01-08 18:08:11,895 INFO o.a.j.s.SampleResult: sampleresult.nanoThreadSleep=5000
2018-01-08 18:08:11,895 INFO o.a.j.t.JMeterThread: Thread started: File Upload using REST API 1-1
2018-01-08 18:08:11,926 INFO o.a.j.p.h.s.HTTPHCAbstractImpl: Local host = Zoomdatas-MacBook-Pro.local
2018-01-08 18:08:11,933 INFO o.a.j.p.h.s.HTTPHC4Impl: HTTP request retry count = 0
2018-01-08 18:08:11,965 INFO o.a.j.s.FileServer: Stored: /Users/jemal/jemal-performance-project/performance-taurus/MiscTest.csv
2018-01-08 18:08:16,906 INFO o.a.j.t.JMeterThread: Thread started: File Upload using REST API 1-2
2018-01-08 18:08:21,915 INFO o.a.j.t.JMeterThread: Thread started: File Upload using REST API 1-3
2018-01-08 18:08:26,919 INFO o.a.j.t.JMeterThread: Thread started: File Upload using REST API 1-4
2018-01-08 18:08:31,922 INFO o.a.j.t.JMeterThread: Thread started: File Upload using REST API 1-5
2018-01-08 18:08:36,934 INFO o.a.j.t.JMeterThread: Thread started: File Upload using REST API 1-6
2018-01-08 18:08:41,948 INFO o.a.j.t.JMeterThread: Thread started: File Upload using REST API 1-7
2018-01-08 18:08:46,957 INFO o.a.j.t.JMeterThread: Thread started: File Upload using REST API 1-8
2018-01-08 18:08:51,961 INFO o.a.j.t.JMeterThread: Thread started: File Upload using REST API 1-9
2018-01-08 18:08:56,977 INFO o.a.j.t.JMeterThread: Thread started: File Upload using REST API 1-10
2018-01-08 18:10:00,094 INFO c.b.j.t.c.ConcurrencyThreadStarter: Done supplying threads
2018-01-08 18:10:00,260 INFO o.a.j.t.JMeterThread: Thread is done: File Upload using REST API 1-6
2018-01-08 18:10:00,260 INFO o.a.j.t.JMeterThread: Thread finished: File Upload using REST API 1-6
2018-01-08 18:10:00,368 INFO o.a.j.t.JMeterThread: Thread is done: File Upload using REST API 1-4
2018-01-08 18:10:00,368 INFO o.a.j.t.JMeterThread: Thread finished: File Upload using REST API 1-4
2018-01-08 18:10:00,828 INFO o.a.j.t.JMeterThread: Thread is done: File Upload using REST API 1-9
2018-01-08 18:10:00,828 INFO o.a.j.t.JMeterThread: Thread finished: File Upload using REST API 1-9
2018-01-08 18:10:01,199 INFO o.a.j.t.JMeterThread: Thread is done: File Upload using REST API 1-1
2018-01-08 18:10:01,200 INFO o.a.j.t.JMeterThread: Thread finished: File Upload using REST API 1-1
2018-01-08 18:10:01,460 INFO o.a.j.t.JMeterThread: Thread is done: File Upload using REST API 1-5
2018-01-08 18:10:01,460 INFO o.a.j.t.JMeterThread: Thread finished: File Upload using REST API 1-5
2018-01-08 18:10:01,673 INFO o.a.j.t.JMeterThread: Thread is done: File Upload using REST API 1-7
2018-01-08 18:10:01,681 INFO o.a.j.t.JMeterThread: Thread finished: File Upload using REST API 1-7
2018-01-08 18:10:01,793 INFO o.a.j.t.JMeterThread: Thread is done: File Upload using REST API 1-2
2018-01-08 18:10:01,793 INFO o.a.j.t.JMeterThread: Thread finished: File Upload using REST API 1-2
2018-01-08 18:10:02,006 INFO o.a.j.t.JMeterThread: Thread is done: File Upload using REST API 1-10
2018-01-08 18:10:02,006 INFO o.a.j.t.JMeterThread: Thread finished: File Upload using REST API 1-10
2018-01-08 18:10:02,113 INFO o.a.j.t.JMeterThread: Thread is done: File Upload using REST API 1-3
2018-01-08 18:10:02,113 INFO o.a.j.t.JMeterThread: Thread finished: File Upload using REST API 1-3
2018-01-08 18:10:02,171 INFO o.a.j.t.JMeterThread: Thread is done: File Upload using REST API 1-8
2018-01-08 18:10:02,171 INFO o.a.j.t.JMeterThread: Thread finished: File Upload using REST API 1-8
2018-01-08 18:10:02,172 INFO o.a.j.e.StandardJMeterEngine: Notifying test listeners of end of test
2018-01-08 18:10:02,174 INFO o.a.j.e.StandardJMeterEngine: Forced JVM shutdown requested at end of test
